<?xml version="1.0" encoding="UTF-8"?>
<!-- Generated by org.testng.reporters.JUnitReportReporter -->
<testsuite hostname="sagar-Inspiron-5559" failures="0" tests="2" name="com.myorg.tests.LoginPageTests" time="13.065" errors="0" timestamp="2024-02-13T18:09:51 CST" skipped="0">
  <testcase classname="com.myorg.tests.LoginPageTests" name="test2" time="5.626"/>
  <testcase classname="com.myorg.tests.LoginPageTests" name="test1" time="7.439"/>
</testsuite> <!-- com.myorg.tests.LoginPageTests -->
