<?xml version="1.0" encoding="UTF-8"?>
<!-- Generated by org.testng.reporters.JUnitReportReporter -->
<testsuite hostname="sagar-Inspiron-5559" failures="0" tests="1" name="com.myorg.tests.GoogleTests" time="5.512" errors="0" timestamp="2024-02-20T06:39:48 CST" skipped="0">
  <testcase classname="com.myorg.tests.GoogleTests" name="validateFirstGoogleSearchResult" time="5.512"/>
  <system-out/>
</testsuite> <!-- com.myorg.tests.GoogleTests -->
